<?xml version="1.0" encoding="UTF-8"?>
<!-- Generated by org.testng.reporters.JUnitReportReporter -->
<testsuite hostname="DESKTOP-IIVGTV7" failures="0" tests="2" name="Annotation_Asserts.SoftAssert_Test" time="3.152" errors="0" timestamp="2023-06-27T12:29:27 IST" skipped="0">
  <testcase classname="Annotation_Asserts.SoftAssert_Test" name="adminLogin" time="2.225"/>
  <system-out/>
  <testcase classname="Annotation_Asserts.SoftAssert_Test" name="adminLogout" time="0.927"/>
  <system-out/>
</testsuite> <!-- Annotation_Asserts.SoftAssert_Test -->
