<?xml version="1.0" encoding="UTF-8"?>
<!-- Generated by org.testng.reporters.JUnitReportReporter -->
<testsuite hostname="DESKTOP-IIVGTV7" failures="0" tests="3" name="com.itview.Testing.AltoroMutual_Login" time="7.747" errors="0" timestamp="2023-06-24T12:58:46 IST" skipped="0">
  <testcase classname="com.itview.Testing.AltoroMutual_Login" name="adminLogin" time="3.800"/>
  <system-out/>
  <testcase classname="com.itview.Testing.AltoroMutual_Login" name="jsmithLogin" time="1.896"/>
  <system-out/>
  <testcase classname="com.itview.Testing.AltoroMutual_Login" name="TestUserLogin" time="2.051"/>
  <system-out/>
</testsuite> <!-- com.itview.Testing.AltoroMutual_Login -->
