<?xml version="1.0" encoding="UTF-8"?>
<!-- Generated by org.testng.reporters.JUnitReportReporter -->
<testsuite hostname="DESKTOP-IIVGTV7" failures="0" tests="3" name="Annotation_Asserts.AltoroMutual_Login" time="8.258" errors="0" timestamp="2023-06-28T14:34:04 IST" skipped="0">
  <testcase classname="Annotation_Asserts.AltoroMutual_Login" name="adminLogin" time="4.592"/>
  <system-out/>
  <testcase classname="Annotation_Asserts.AltoroMutual_Login" name="jsmithLogin" time="1.786"/>
  <system-out/>
  <testcase classname="Annotation_Asserts.AltoroMutual_Login" name="TestUserLogin" time="1.880"/>
  <system-out/>
</testsuite> <!-- Annotation_Asserts.AltoroMutual_Login -->
