<?xml version="1.0" encoding="UTF-8"?>
<!-- Generated by org.testng.reporters.JUnitReportReporter -->
<testsuite hostname="DESKTOP-IIVGTV7" failures="0" tests="1" name="Practice_Automation.SoftAssert_MRS" time="10.307" errors="0" timestamp="2023-06-30T14:58:33 IST" skipped="0">
  <testcase classname="Practice_Automation.SoftAssert_MRS" name="loginMRS" time="10.307"/>
  <system-out/>
</testsuite> <!-- Practice_Automation.SoftAssert_MRS -->
