<?xml version="1.0" encoding="UTF-8"?>
<!-- Generated by org.testng.reporters.JUnitReportReporter -->
<testsuite hostname="DESKTOP-IIVGTV7" failures="0" tests="1" name="Practice_Automation.IFB_Login_HardAssert" time="18.550" errors="0" timestamp="2023-06-30T17:33:24 IST" skipped="0">
  <testcase classname="Practice_Automation.IFB_Login_HardAssert" name="IFBlogin" time="18.550"/>
  <system-out/>
</testsuite> <!-- Practice_Automation.IFB_Login_HardAssert -->
