<?xml version="1.0" encoding="UTF-8"?>
<!-- Generated by org.testng.reporters.JUnitReportReporter -->
<testsuite hostname="DESKTOP-IIVGTV7" failures="0" tests="3" name="Annotation_Asserts.AllAnnotationCode" time="0.053" errors="0" timestamp="2023-06-28T12:51:01 IST" skipped="0">
  <testcase classname="Annotation_Asserts.AllAnnotationCode" name="Test2" time="0.016"/>
  <system-out/>
  <testcase classname="Annotation_Asserts.AllAnnotationCode" name="Test1" time="0.018"/>
  <system-out/>
  <testcase classname="Annotation_Asserts.AllAnnotationCode" name="Test3" time="0.019"/>
  <system-out/>
</testsuite> <!-- Annotation_Asserts.AllAnnotationCode -->
