<?xml version="1.0" encoding="UTF-8"?>
<!-- Generated by org.testng.reporters.JUnitReportReporter -->
<testsuite hostname="DESKTOP-IIVGTV7" failures="0" tests="1" name="BasicWebObject.JavaScriptExecutor" time="49.575" errors="0" timestamp="2023-07-06T11:34:57 IST" skipped="0">
  <testcase classname="BasicWebObject.JavaScriptExecutor" name="JavaScriptExcutor" time="49.575"/>
  <system-out/>
</testsuite> <!-- BasicWebObject.JavaScriptExecutor -->
