<?xml version="1.0" encoding="UTF-8"?>
<!-- Generated by org.testng.reporters.JUnitReportReporter -->
<testsuite hostname="DESKTOP-IIVGTV7" failures="0" tests="1" name="Annotation_Asserts.HospitalMRS_Login" time="11.159" errors="0" timestamp="2023-06-27T12:27:38 IST" skipped="0">
  <testcase classname="Annotation_Asserts.HospitalMRS_Login" name="LoginTestMRS" time="11.159"/>
  <system-out/>
</testsuite> <!-- Annotation_Asserts.HospitalMRS_Login -->
