<?xml version="1.0" encoding="UTF-8"?>
<!-- Generated by org.testng.reporters.JUnitReportReporter -->
<testsuite hostname="DESKTOP-IIVGTV7" failures="0" tests="1" name="BasicWebObject.WindowSize" time="12.659" errors="0" timestamp="2023-07-07T12:44:00 IST" skipped="0">
  <testcase classname="BasicWebObject.WindowSize" name="WindowSize" time="12.659"/>
  <system-out/>
</testsuite> <!-- BasicWebObject.WindowSize -->
