<?xml version="1.0" encoding="UTF-8"?>
<!-- Generated by org.testng.reporters.JUnitReportReporter -->
<testsuite hostname="DESKTOP-IIVGTV7" failures="0" tests="1" name="BasicWebObject.KeyboardHandle" time="18.146" errors="0" timestamp="2023-07-06T11:45:57 IST" skipped="0">
  <testcase classname="BasicWebObject.KeyboardHandle" name="KeyboardHandle" time="18.146"/>
  <system-out/>
</testsuite> <!-- BasicWebObject.KeyboardHandle -->
