<?xml version="1.0" encoding="UTF-8"?>
<!-- Generated by org.testng.reporters.JUnitReportReporter -->
<testsuite hostname="DESKTOP-IIVGTV7" failures="0" tests="4" name="BasicWebObject.Count_WebElement" time="8.891" errors="0" timestamp="2023-07-06T17:32:09 IST" skipped="0">
  <testcase classname="BasicWebObject.Count_WebElement" name="CountWebElements" time="8.578"/>
  <system-out/>
  <testcase classname="BasicWebObject.Count_WebElement" name="countradioButton" time="0.200"/>
  <system-out/>
  <testcase classname="BasicWebObject.Count_WebElement" name="countcheckBox" time="0.056"/>
  <system-out/>
  <testcase classname="BasicWebObject.Count_WebElement" name="countDropDown" time="0.057"/>
  <system-out/>
</testsuite> <!-- BasicWebObject.Count_WebElement -->
