<?xml version="1.0" encoding="UTF-8"?>
<!-- Generated by org.testng.reporters.JUnitReportReporter -->
<testsuite hostname="DESKTOP-IIVGTV7" failures="0" tests="2" name="BasicWebObject.WindowTab" time="39.765" errors="0" timestamp="2023-07-06T11:58:16 IST" skipped="0">
  <testcase classname="BasicWebObject.WindowTab" name="WindowTab" time="11.708"/>
  <system-out/>
  <testcase classname="BasicWebObject.WindowTab" name="tabFlipkart" time="28.057"/>
  <system-out/>
</testsuite> <!-- BasicWebObject.WindowTab -->
