<?xml version="1.0" encoding="UTF-8"?>
<!-- Generated by org.testng.reporters.JUnitReportReporter -->
<testsuite hostname="DESKTOP-IIVGTV7" failures="0" tests="1" name="BasicWebObject.Screenshot" time="3.670" errors="0" timestamp="2023-07-04T14:23:28 IST" skipped="0">
  <testcase classname="BasicWebObject.Screenshot" name="Code_For_Screenshot" time="3.670"/>
  <system-out/>
</testsuite> <!-- BasicWebObject.Screenshot -->
