<?xml version="1.0" encoding="UTF-8"?>
<!-- Generated by org.testng.reporters.JUnitReportReporter -->
<testsuite hostname="DESKTOP-IIVGTV7" failures="0" tests="1" name="BasicWebObject.Frame" time="4.427" errors="0" timestamp="2023-07-07T14:00:25 IST" skipped="0">
  <testcase classname="BasicWebObject.Frame" name="Frame" time="4.427"/>
  <system-out/>
</testsuite> <!-- BasicWebObject.Frame -->
