<?xml version="1.0" encoding="UTF-8"?>
<!-- Generated by org.testng.reporters.JUnitReportReporter -->
<testsuite hostname="DESKTOP-IIVGTV7" failures="0" tests="1" name="BasicWebObject.Navigate" time="24.596" errors="0" timestamp="2023-07-07T13:54:41 IST" skipped="0">
  <testcase classname="BasicWebObject.Navigate" name="Navigate" time="24.596"/>
  <system-out/>
</testsuite> <!-- BasicWebObject.Navigate -->
