<?xml version="1.0" encoding="UTF-8"?>
<!-- Generated by org.testng.reporters.JUnitReportReporter -->
<testsuite hostname="DESKTOP-IIVGTV7" failures="0" tests="1" name="BasicWebObject.Alert" time="12.696" errors="0" timestamp="2023-07-12T12:39:51 IST" skipped="0">
  <testcase classname="BasicWebObject.Alert" name="Alert" time="12.696"/>
  <system-out/>
</testsuite> <!-- BasicWebObject.Alert -->
