<?xml version="1.0" encoding="UTF-8"?>
<!-- Generated by org.testng.reporters.JUnitReportReporter -->
<testsuite hostname="DESKTOP-IIVGTV7" failures="0" tests="1" name="com.itview.Testing.HospitalMRS_Login" time="13.830" errors="0" timestamp="2023-06-24T15:51:02 IST" skipped="0">
  <testcase classname="com.itview.Testing.HospitalMRS_Login" name="LoginTestMRS" time="13.830"/>
  <system-out/>
</testsuite> <!-- com.itview.Testing.HospitalMRS_Login -->
